c:\users\balea\documents\facultate\prelucrare grafica\proiect final\proiect\x64\release\vc142.pdb
c:\users\balea\documents\facultate\prelucrare grafica\proiect final\proiect\x64\release\window.obj
c:\users\balea\documents\facultate\prelucrare grafica\proiect final\proiect\x64\release\tiny_obj_loader.obj
c:\users\balea\documents\facultate\prelucrare grafica\proiect final\proiect\x64\release\stb_image.obj
c:\users\balea\documents\facultate\prelucrare grafica\proiect final\proiect\x64\release\skybox.obj
c:\users\balea\documents\facultate\prelucrare grafica\proiect final\proiect\x64\release\shader.obj
c:\users\balea\documents\facultate\prelucrare grafica\proiect final\proiect\x64\release\model3d.obj
c:\users\balea\documents\facultate\prelucrare grafica\proiect final\proiect\x64\release\mesh.obj
c:\users\balea\documents\facultate\prelucrare grafica\proiect final\proiect\x64\release\main.obj
c:\users\balea\documents\facultate\prelucrare grafica\proiect final\proiect\x64\release\camera.obj
c:\users\balea\documents\facultate\prelucrare grafica\proiect final\proiect\x64\release\proiect.exe
c:\users\balea\documents\facultate\prelucrare grafica\proiect final\proiect\x64\release\proiect.pdb
c:\users\balea\documents\facultate\prelucrare grafica\proiect final\proiect\x64\release\proiect.ipdb
c:\users\balea\documents\facultate\prelucrare grafica\proiect final\proiect\x64\release\proiect.iobj
c:\users\balea\documents\facultate\prelucrare grafica\proiect final\proiect\x64\release\proiect.tlog\cl.command.1.tlog
c:\users\balea\documents\facultate\prelucrare grafica\proiect final\proiect\x64\release\proiect.tlog\cl.read.1.tlog
c:\users\balea\documents\facultate\prelucrare grafica\proiect final\proiect\x64\release\proiect.tlog\cl.write.1.tlog
c:\users\balea\documents\facultate\prelucrare grafica\proiect final\proiect\x64\release\proiect.tlog\link.command.1.tlog
c:\users\balea\documents\facultate\prelucrare grafica\proiect final\proiect\x64\release\proiect.tlog\link.read.1.tlog
c:\users\balea\documents\facultate\prelucrare grafica\proiect final\proiect\x64\release\proiect.tlog\link.write.1.tlog
c:\users\balea\documents\facultate\prelucrare grafica\proiect final\proiect\x64\release\proiect.tlog\proiect.write.1u.tlog
