  main.cpp
C:\Users\balea\Documents\Facultate\Prelucrare grafica\Proiect final\Proiect\main.cpp(120,41): warning C4244: '+=': conversion from 'double' to 'float', possible loss of data
C:\Users\balea\Documents\Facultate\Prelucrare grafica\Proiect final\Proiect\main.cpp(187,43): warning C4244: 'argument': conversion from 'double' to 'float', possible loss of data
C:\Users\balea\Documents\Facultate\Prelucrare grafica\Proiect final\Proiect\main.cpp(187,29): warning C4244: 'argument': conversion from 'double' to 'float', possible loss of data
C:\Users\balea\Documents\Facultate\Prelucrare grafica\Proiect final\Proiect\main.cpp(231,24): warning C4244: 'argument': conversion from 'double' to 'float', possible loss of data
C:\Users\balea\Documents\Facultate\Prelucrare grafica\Proiect final\Proiect\main.cpp(231,19): warning C4244: 'argument': conversion from 'double' to 'float', possible loss of data
C:\Users\balea\Documents\Facultate\Prelucrare grafica\Proiect final\Proiect\main.cpp(235,24): warning C4244: 'argument': conversion from 'double' to 'float', possible loss of data
C:\Users\balea\Documents\Facultate\Prelucrare grafica\Proiect final\Proiect\main.cpp(235,19): warning C4244: 'argument': conversion from 'double' to 'float', possible loss of data
C:\Users\balea\Documents\Facultate\Prelucrare grafica\Proiect final\Proiect\main.cpp(239,24): warning C4244: 'argument': conversion from 'double' to 'float', possible loss of data
C:\Users\balea\Documents\Facultate\Prelucrare grafica\Proiect final\Proiect\main.cpp(239,19): warning C4244: 'argument': conversion from 'double' to 'float', possible loss of data
C:\Users\balea\Documents\Facultate\Prelucrare grafica\Proiect final\Proiect\main.cpp(243,24): warning C4244: 'argument': conversion from 'double' to 'float', possible loss of data
C:\Users\balea\Documents\Facultate\Prelucrare grafica\Proiect final\Proiect\main.cpp(243,19): warning C4244: 'argument': conversion from 'double' to 'float', possible loss of data
C:\Users\balea\Documents\Facultate\Prelucrare grafica\Proiect final\Proiect\main.cpp(264,15): warning C4244: 'argument': conversion from 'GLfloat' to 'GLint', possible loss of data
C:\Users\balea\Documents\Facultate\Prelucrare grafica\Proiect final\Proiect\main.cpp(266,15): warning C4244: 'argument': conversion from 'GLfloat' to 'GLint', possible loss of data
C:\Users\balea\Documents\Facultate\Prelucrare grafica\Proiect final\Proiect\main.cpp(533,38): warning C4244: '=': conversion from 'GLint' to 'GLfloat', possible loss of data
C:\Users\balea\Documents\Facultate\Prelucrare grafica\Proiect final\Proiect\main.cpp(534,14): warning C4244: 'argument': conversion from 'GLfloat' to 'GLint', possible loss of data
C:\Users\balea\Documents\Facultate\Prelucrare grafica\Proiect final\Proiect\main.cpp(539,39): warning C4244: '=': conversion from 'GLint' to 'GLfloat', possible loss of data
C:\Users\balea\Documents\Facultate\Prelucrare grafica\Proiect final\Proiect\main.cpp(540,14): warning C4244: 'argument': conversion from 'GLfloat' to 'GLint', possible loss of data
C:\Users\balea\Documents\Facultate\Prelucrare grafica\Proiect final\Proiect\main.cpp(572,38): warning C4244: '=': conversion from 'GLint' to 'GLfloat', possible loss of data
C:\Users\balea\Documents\Facultate\Prelucrare grafica\Proiect final\Proiect\main.cpp(573,14): warning C4244: 'argument': conversion from 'GLfloat' to 'GLint', possible loss of data
C:\Users\balea\Documents\Facultate\Prelucrare grafica\Proiect final\Proiect\main.cpp(575,41): warning C4244: '=': conversion from 'GLint' to 'GLfloat', possible loss of data
C:\Users\balea\Documents\Facultate\Prelucrare grafica\Proiect final\Proiect\main.cpp(576,14): warning C4244: 'argument': conversion from 'GLfloat' to 'GLint', possible loss of data
C:\Users\balea\Documents\Facultate\Prelucrare grafica\Proiect final\Proiect\main.cpp(606,38): warning C4244: '=': conversion from 'GLint' to 'GLfloat', possible loss of data
C:\Users\balea\Documents\Facultate\Prelucrare grafica\Proiect final\Proiect\main.cpp(607,14): warning C4244: 'argument': conversion from 'GLfloat' to 'GLint', possible loss of data
C:\Users\balea\Documents\Facultate\Prelucrare grafica\Proiect final\Proiect\main.cpp(609,41): warning C4244: '=': conversion from 'GLint' to 'GLfloat', possible loss of data
C:\Users\balea\Documents\Facultate\Prelucrare grafica\Proiect final\Proiect\main.cpp(610,14): warning C4244: 'argument': conversion from 'GLfloat' to 'GLint', possible loss of data
C:\Users\balea\Documents\Facultate\Prelucrare grafica\Proiect final\Proiect\main.cpp(742,14): warning C4244: 'argument': conversion from 'GLfloat' to 'GLint', possible loss of data
C:\Users\balea\Documents\Facultate\Prelucrare grafica\Proiect final\Proiect\main.cpp(810,14): warning C4244: 'argument': conversion from 'GLfloat' to 'GLint', possible loss of data
C:\Users\balea\Documents\Facultate\Prelucrare grafica\Proiect final\Proiect\main.cpp(897,14): warning C4244: 'argument': conversion from 'GLfloat' to 'GLint', possible loss of data
C:\Users\balea\Documents\Facultate\Prelucrare grafica\Proiect final\Proiect\main.cpp(927,33): warning C4305: 'argument': truncation from 'double' to 'GLclampf'
C:\Users\balea\Documents\Facultate\Prelucrare grafica\Proiect final\Proiect\main.cpp(945,14): warning C4244: 'argument': conversion from 'GLfloat' to 'GLint', possible loss of data
  Generating code
  1 of 1892 functions (<0.1%) were compiled, the rest were copied from previous compilation.
    0 functions were new in current compilation
    23 functions had inline decision re-evaluated but remain unchanged
  Finished generating code
LINK : warning LNK4286: symbol '__glewUniform1i' defined in 'libglew32.lib(glew.obj)' is imported by 'Mesh.obj'
LINK : warning LNK4286: symbol '__glewBindBuffer' defined in 'libglew32.lib(glew.obj)' is imported by 'Mesh.obj'
LINK : warning LNK4286: symbol '__glewVertexAttribPointer' defined in 'libglew32.lib(glew.obj)' is imported by 'Mesh.obj'
LINK : warning LNK4286: symbol '__glewBindVertexArray' defined in 'libglew32.lib(glew.obj)' is imported by 'Mesh.obj'
LINK : warning LNK4286: symbol '__glewEnableVertexAttribArray' defined in 'libglew32.lib(glew.obj)' is imported by 'Mesh.obj'
LINK : warning LNK4286: symbol '__glewGenBuffers' defined in 'libglew32.lib(glew.obj)' is imported by 'Mesh.obj'
LINK : warning LNK4286: symbol '__glewGenVertexArrays' defined in 'libglew32.lib(glew.obj)' is imported by 'Mesh.obj'
LINK : warning LNK4286: symbol '__glewActiveTexture' defined in 'libglew32.lib(glew.obj)' is imported by 'Mesh.obj'
LINK : warning LNK4286: symbol '__glewBufferData' defined in 'libglew32.lib(glew.obj)' is imported by 'Mesh.obj'
LINK : warning LNK4286: symbol '__glewGetUniformLocation' defined in 'libglew32.lib(glew.obj)' is imported by 'Mesh.obj'
LINK : warning LNK4286: symbol '__glewDeleteBuffers' defined in 'libglew32.lib(glew.obj)' is imported by 'Model3D.obj'
LINK : warning LNK4286: symbol '__glewGenerateMipmap' defined in 'libglew32.lib(glew.obj)' is imported by 'Model3D.obj'
LINK : warning LNK4286: symbol '__glewDeleteVertexArrays' defined in 'libglew32.lib(glew.obj)' is imported by 'Model3D.obj'
LINK : warning LNK4286: symbol '__glewLinkProgram' defined in 'libglew32.lib(glew.obj)' is imported by 'Shader.obj'
LINK : warning LNK4286: symbol '__glewDeleteShader' defined in 'libglew32.lib(glew.obj)' is imported by 'Shader.obj'
LINK : warning LNK4286: symbol '__glewGetProgramInfoLog' defined in 'libglew32.lib(glew.obj)' is imported by 'Shader.obj'
LINK : warning LNK4286: symbol '__glewShaderSource' defined in 'libglew32.lib(glew.obj)' is imported by 'Shader.obj'
LINK : warning LNK4286: symbol '__glewAttachShader' defined in 'libglew32.lib(glew.obj)' is imported by 'Shader.obj'
LINK : warning LNK4286: symbol '__glewGetProgramiv' defined in 'libglew32.lib(glew.obj)' is imported by 'Shader.obj'
LINK : warning LNK4286: symbol '__glewGetShaderInfoLog' defined in 'libglew32.lib(glew.obj)' is imported by 'Shader.obj'
LINK : warning LNK4286: symbol '__glewCreateProgram' defined in 'libglew32.lib(glew.obj)' is imported by 'Shader.obj'
LINK : warning LNK4286: symbol '__glewCreateShader' defined in 'libglew32.lib(glew.obj)' is imported by 'Shader.obj'
LINK : warning LNK4286: symbol '__glewCompileShader' defined in 'libglew32.lib(glew.obj)' is imported by 'Shader.obj'
LINK : warning LNK4286: symbol '__glewGetShaderiv' defined in 'libglew32.lib(glew.obj)' is imported by 'Shader.obj'
LINK : warning LNK4286: symbol '__glewUseProgram' defined in 'libglew32.lib(glew.obj)' is imported by 'Shader.obj'
LINK : warning LNK4286: symbol '__glewUniformMatrix4fv' defined in 'libglew32.lib(glew.obj)' is imported by 'SkyBox.obj'
LINK : warning LNK4286: symbol 'glewInit' defined in 'libglew32.lib(glew.obj)' is imported by 'Window.obj'
LINK : warning LNK4286: symbol 'glewExperimental' defined in 'libglew32.lib(glew.obj)' is imported by 'Window.obj'
  Proiect.vcxproj -> C:\Users\balea\Documents\Facultate\Prelucrare grafica\Proiect final\Proiect\x64\Release\Proiect.exe
